<?xml version="1.0" encoding="UTF-8"?>
<coverage generated="1720080643131" clover="3.2.0">
  <project timestamp="1720080643131" name="All files">
    <metrics statements="23" coveredstatements="23" conditionals="4" coveredconditionals="2" methods="14" coveredmethods="14" elements="41" coveredelements="39" complexity="0" loc="23" ncloc="23" packages="1" files="2" classes="2"/>
    <file name="axios.ts" path="C:\Users\ramad\Documents\ig-api\src\axios.ts">
      <metrics statements="7" coveredstatements="7" conditionals="2" coveredconditionals="1" methods="5" coveredmethods="5"/>
      <line num="13" count="3" type="stmt"/>
      <line num="14" count="7" type="stmt"/>
      <line num="15" count="7" type="stmt"/>
      <line num="16" count="7" type="stmt"/>
      <line num="19" count="5" type="stmt"/>
      <line num="33" count="7" type="stmt"/>
      <line num="34" count="7" type="stmt"/>
    </file>
    <file name="index.ts" path="C:\Users\ramad\Documents\ig-api\src\index.ts">
      <metrics statements="16" coveredstatements="16" conditionals="2" coveredconditionals="1" methods="9" coveredmethods="9"/>
      <line num="20" count="5" type="stmt"/>
      <line num="25" count="15" type="stmt"/>
      <line num="26" count="15" type="cond" truecount="1" falsecount="1"/>
      <line num="27" count="15" type="stmt"/>
      <line num="34" count="14" type="stmt"/>
      <line num="36" count="1" type="stmt"/>
      <line num="41" count="3" type="stmt"/>
      <line num="45" count="7" type="stmt"/>
      <line num="49" count="1" type="stmt"/>
      <line num="53" count="4" type="stmt"/>
      <line num="57" count="5" type="stmt"/>
      <line num="61" count="5" type="stmt"/>
      <line num="63" count="5" type="stmt"/>
      <line num="67" count="4" type="stmt"/>
      <line num="68" count="4" type="stmt"/>
      <line num="73" count="1" type="stmt"/>
    </file>
  </project>
</coverage>
