<?xml version="1.0" encoding="UTF-8"?>
<coverage generated="1711893915190" clover="3.2.0">
  <project timestamp="1711893915190" name="All files">
    <metrics statements="21" coveredstatements="21" conditionals="4" coveredconditionals="2" methods="14" coveredmethods="14" elements="39" coveredelements="37" complexity="0" loc="21" ncloc="21" packages="1" files="2" classes="2"/>
    <file name="axios.ts" path="C:\Users\ramad\Documents\ig-api\src\axios.ts">
      <metrics statements="7" coveredstatements="7" conditionals="2" coveredconditionals="1" methods="5" coveredmethods="5"/>
      <line num="13" count="2" type="stmt"/>
      <line num="14" count="3" type="stmt"/>
      <line num="15" count="3" type="stmt"/>
      <line num="16" count="3" type="stmt"/>
      <line num="19" count="4" type="stmt"/>
      <line num="33" count="3" type="stmt"/>
      <line num="34" count="3" type="stmt"/>
    </file>
    <file name="index.ts" path="C:\Users\ramad\Documents\ig-api\src\index.ts">
      <metrics statements="14" coveredstatements="14" conditionals="2" coveredconditionals="1" methods="9" coveredmethods="9"/>
      <line num="20" count="4" type="stmt"/>
      <line num="24" count="15" type="stmt"/>
      <line num="25" count="15" type="cond" truecount="1" falsecount="1"/>
      <line num="26" count="15" type="stmt"/>
      <line num="33" count="14" type="stmt"/>
      <line num="35" count="1" type="stmt"/>
      <line num="40" count="3" type="stmt"/>
      <line num="44" count="7" type="stmt"/>
      <line num="48" count="1" type="stmt"/>
      <line num="52" count="4" type="stmt"/>
      <line num="56" count="4" type="stmt"/>
      <line num="60" count="3" type="stmt"/>
      <line num="61" count="3" type="stmt"/>
      <line num="66" count="1" type="stmt"/>
    </file>
  </project>
</coverage>
