{"C:\\Users\\ramad\\Documents\\ig-api\\src\\axios.ts": {"path":"C:\\Users\\ramad\\Documents\\ig-api\\src\\axios.ts","statementMap":{"0":{"start":{"line":13,"column":20},"end":{"line":14,"column":38}},"1":{"start":{"line":14,"column":4},"end":{"line":14,"column":38}},"2":{"start":{"line":15,"column":18},"end":{"line":15,"column":78}},"3":{"start":{"line":15,"column":46},"end":{"line":15,"column":78}},"4":{"start":{"line":16,"column":18},"end":{"line":16,"column":65}},"5":{"start":{"line":16,"column":46},"end":{"line":16,"column":65}},"6":{"start":{"line":19,"column":4},"end":{"line":26,"column":7}},"7":{"start":{"line":33,"column":4},"end":{"line":33,"column":96}},"8":{"start":{"line":34,"column":4},"end":{"line":34,"column":69}}},"fnMap":{"0":{"name":"(anonymous_0)","decl":{"start":{"line":13,"column":20},"end":{"line":13,"column":21}},"loc":{"start":{"line":14,"column":4},"end":{"line":14,"column":38}},"line":14},"1":{"name":"(anonymous_1)","decl":{"start":{"line":15,"column":18},"end":{"line":15,"column":19}},"loc":{"start":{"line":15,"column":46},"end":{"line":15,"column":78}},"line":15},"2":{"name":"(anonymous_2)","decl":{"start":{"line":16,"column":18},"end":{"line":16,"column":19}},"loc":{"start":{"line":16,"column":46},"end":{"line":16,"column":65}},"line":16},"3":{"name":"create","decl":{"start":{"line":18,"column":16},"end":{"line":18,"column":22}},"loc":{"start":{"line":18,"column":71},"end":{"line":27,"column":1}},"line":18},"4":{"name":"setHeaderTokens","decl":{"start":{"line":29,"column":16},"end":{"line":29,"column":31}},"loc":{"start":{"line":32,"column":8},"end":{"line":35,"column":1}},"line":32}},"branchMap":{"0":{"loc":{"start":{"line":20,"column":28},"end":{"line":20,"column":49}},"type":"cond-expr","locations":[{"start":{"line":20,"column":37},"end":{"line":20,"column":44}},{"start":{"line":20,"column":47},"end":{"line":20,"column":49}}],"line":20}},"s":{"0":2,"1":3,"2":2,"3":3,"4":2,"5":3,"6":4,"7":3,"8":3},"f":{"0":3,"1":3,"2":3,"3":4,"4":3},"b":{"0":[4,0]},"_coverageSchema":"1a1c01bbd47fc00a2c39e90264f33305004495a9","hash":"8cfd01c40a1813a0358cb295aa39758696843ab3"}
,"C:\\Users\\ramad\\Documents\\ig-api\\src\\index.ts": {"path":"C:\\Users\\ramad\\Documents\\ig-api\\src\\index.ts","statementMap":{"0":{"start":{"line":20,"column":8},"end":{"line":20,"column":42}},"1":{"start":{"line":24,"column":8},"end":{"line":36,"column":9}},"2":{"start":{"line":25,"column":37},"end":{"line":25,"column":60}},"3":{"start":{"line":26,"column":29},"end":{"line":31,"column":14}},"4":{"start":{"line":33,"column":12},"end":{"line":33,"column":33}},"5":{"start":{"line":35,"column":12},"end":{"line":35,"column":24}},"6":{"start":{"line":40,"column":8},"end":{"line":40,"column":60}},"7":{"start":{"line":44,"column":8},"end":{"line":44,"column":59}},"8":{"start":{"line":48,"column":8},"end":{"line":48,"column":58}},"9":{"start":{"line":52,"column":8},"end":{"line":52,"column":61}},"10":{"start":{"line":56,"column":8},"end":{"line":62,"column":11}},"11":{"start":{"line":60,"column":12},"end":{"line":60,"column":48}},"12":{"start":{"line":61,"column":12},"end":{"line":61,"column":28}},"13":{"start":{"line":66,"column":8},"end":{"line":66,"column":47}}},"fnMap":{"0":{"name":"(anonymous_0)","decl":{"start":{"line":19,"column":4},"end":{"line":19,"column":5}},"loc":{"start":{"line":19,"column":49},"end":{"line":21,"column":5}},"line":19},"1":{"name":"(anonymous_1)","decl":{"start":{"line":23,"column":4},"end":{"line":23,"column":5}},"loc":{"start":{"line":23,"column":81},"end":{"line":37,"column":5}},"line":23},"2":{"name":"(anonymous_2)","decl":{"start":{"line":39,"column":4},"end":{"line":39,"column":5}},"loc":{"start":{"line":39,"column":52},"end":{"line":41,"column":5}},"line":39},"3":{"name":"(anonymous_3)","decl":{"start":{"line":43,"column":4},"end":{"line":43,"column":5}},"loc":{"start":{"line":43,"column":51},"end":{"line":45,"column":5}},"line":43},"4":{"name":"(anonymous_4)","decl":{"start":{"line":47,"column":4},"end":{"line":47,"column":5}},"loc":{"start":{"line":47,"column":50},"end":{"line":49,"column":5}},"line":47},"5":{"name":"(anonymous_5)","decl":{"start":{"line":51,"column":4},"end":{"line":51,"column":5}},"loc":{"start":{"line":51,"column":53},"end":{"line":53,"column":5}},"line":51},"6":{"name":"(anonymous_6)","decl":{"start":{"line":55,"column":4},"end":{"line":55,"column":5}},"loc":{"start":{"line":55,"column":46},"end":{"line":63,"column":5}},"line":55},"7":{"name":"(anonymous_7)","decl":{"start":{"line":59,"column":16},"end":{"line":59,"column":17}},"loc":{"start":{"line":59,"column":30},"end":{"line":62,"column":9}},"line":59},"8":{"name":"(anonymous_8)","decl":{"start":{"line":65,"column":4},"end":{"line":65,"column":5}},"loc":{"start":{"line":65,"column":13},"end":{"line":67,"column":5}},"line":65}},"branchMap":{"0":{"loc":{"start":{"line":25,"column":47},"end":{"line":25,"column":59}},"type":"binary-expr","locations":[{"start":{"line":25,"column":47},"end":{"line":25,"column":54}},{"start":{"line":25,"column":58},"end":{"line":25,"column":59}}],"line":25}},"s":{"0":4,"1":15,"2":15,"3":15,"4":14,"5":1,"6":3,"7":7,"8":1,"9":4,"10":4,"11":3,"12":3,"13":1},"f":{"0":4,"1":15,"2":3,"3":7,"4":1,"5":4,"6":4,"7":3,"8":1},"b":{"0":[15,0]},"_coverageSchema":"1a1c01bbd47fc00a2c39e90264f33305004495a9","hash":"1f19a4872845988cb7b67d4e8533d37772a40798"}
}
