{"C:\\Users\\ramad\\Documents\\ig-api\\src\\axios.ts": {"path":"C:\\Users\\ramad\\Documents\\ig-api\\src\\axios.ts","statementMap":{"0":{"start":{"line":13,"column":20},"end":{"line":14,"column":36}},"1":{"start":{"line":14,"column":2},"end":{"line":14,"column":36}},"2":{"start":{"line":15,"column":18},"end":{"line":15,"column":78}},"3":{"start":{"line":15,"column":46},"end":{"line":15,"column":78}},"4":{"start":{"line":16,"column":18},"end":{"line":16,"column":65}},"5":{"start":{"line":16,"column":46},"end":{"line":16,"column":65}},"6":{"start":{"line":19,"column":2},"end":{"line":26,"column":5}},"7":{"start":{"line":33,"column":2},"end":{"line":33,"column":94}},"8":{"start":{"line":34,"column":2},"end":{"line":34,"column":67}}},"fnMap":{"0":{"name":"(anonymous_0)","decl":{"start":{"line":13,"column":20},"end":{"line":13,"column":21}},"loc":{"start":{"line":14,"column":2},"end":{"line":14,"column":36}},"line":14},"1":{"name":"(anonymous_1)","decl":{"start":{"line":15,"column":18},"end":{"line":15,"column":19}},"loc":{"start":{"line":15,"column":46},"end":{"line":15,"column":78}},"line":15},"2":{"name":"(anonymous_2)","decl":{"start":{"line":16,"column":18},"end":{"line":16,"column":19}},"loc":{"start":{"line":16,"column":46},"end":{"line":16,"column":65}},"line":16},"3":{"name":"create","decl":{"start":{"line":18,"column":16},"end":{"line":18,"column":22}},"loc":{"start":{"line":18,"column":71},"end":{"line":27,"column":1}},"line":18},"4":{"name":"setHeaderTokens","decl":{"start":{"line":29,"column":16},"end":{"line":29,"column":31}},"loc":{"start":{"line":32,"column":8},"end":{"line":35,"column":1}},"line":32}},"branchMap":{"0":{"loc":{"start":{"line":20,"column":24},"end":{"line":20,"column":45}},"type":"cond-expr","locations":[{"start":{"line":20,"column":33},"end":{"line":20,"column":40}},{"start":{"line":20,"column":43},"end":{"line":20,"column":45}}],"line":20}},"s":{"0":3,"1":7,"2":3,"3":7,"4":3,"5":7,"6":5,"7":7,"8":7},"f":{"0":7,"1":7,"2":7,"3":5,"4":7},"b":{"0":[5,0]},"_coverageSchema":"1a1c01bbd47fc00a2c39e90264f33305004495a9","hash":"c4293bbf73a88f6718c236ac73e9475841f59835"}
,"C:\\Users\\ramad\\Documents\\ig-api\\src\\index.ts": {"path":"C:\\Users\\ramad\\Documents\\ig-api\\src\\index.ts","statementMap":{"0":{"start":{"line":20,"column":4},"end":{"line":20,"column":38}},"1":{"start":{"line":25,"column":4},"end":{"line":37,"column":5}},"2":{"start":{"line":26,"column":31},"end":{"line":26,"column":56}},"3":{"start":{"line":27,"column":23},"end":{"line":32,"column":8}},"4":{"start":{"line":34,"column":6},"end":{"line":34,"column":27}},"5":{"start":{"line":36,"column":6},"end":{"line":36,"column":18}},"6":{"start":{"line":41,"column":4},"end":{"line":41,"column":58}},"7":{"start":{"line":45,"column":4},"end":{"line":45,"column":57}},"8":{"start":{"line":49,"column":4},"end":{"line":49,"column":56}},"9":{"start":{"line":53,"column":4},"end":{"line":53,"column":59}},"10":{"start":{"line":57,"column":25},"end":{"line":60,"column":5}},"11":{"start":{"line":61,"column":4},"end":{"line":61,"column":44}},"12":{"start":{"line":63,"column":4},"end":{"line":69,"column":7}},"13":{"start":{"line":67,"column":6},"end":{"line":67,"column":42}},"14":{"start":{"line":68,"column":6},"end":{"line":68,"column":22}},"15":{"start":{"line":73,"column":4},"end":{"line":73,"column":43}}},"fnMap":{"0":{"name":"(anonymous_0)","decl":{"start":{"line":19,"column":2},"end":{"line":19,"column":3}},"loc":{"start":{"line":19,"column":47},"end":{"line":21,"column":3}},"line":19},"1":{"name":"(anonymous_1)","decl":{"start":{"line":23,"column":2},"end":{"line":23,"column":3}},"loc":{"start":{"line":23,"column":79},"end":{"line":38,"column":3}},"line":23},"2":{"name":"(anonymous_2)","decl":{"start":{"line":40,"column":2},"end":{"line":40,"column":3}},"loc":{"start":{"line":40,"column":50},"end":{"line":42,"column":3}},"line":40},"3":{"name":"(anonymous_3)","decl":{"start":{"line":44,"column":2},"end":{"line":44,"column":3}},"loc":{"start":{"line":44,"column":49},"end":{"line":46,"column":3}},"line":44},"4":{"name":"(anonymous_4)","decl":{"start":{"line":48,"column":2},"end":{"line":48,"column":3}},"loc":{"start":{"line":48,"column":48},"end":{"line":50,"column":3}},"line":48},"5":{"name":"(anonymous_5)","decl":{"start":{"line":52,"column":2},"end":{"line":52,"column":3}},"loc":{"start":{"line":52,"column":51},"end":{"line":54,"column":3}},"line":52},"6":{"name":"(anonymous_6)","decl":{"start":{"line":56,"column":2},"end":{"line":56,"column":3}},"loc":{"start":{"line":56,"column":44},"end":{"line":70,"column":3}},"line":56},"7":{"name":"(anonymous_7)","decl":{"start":{"line":66,"column":12},"end":{"line":66,"column":13}},"loc":{"start":{"line":66,"column":26},"end":{"line":69,"column":5}},"line":66},"8":{"name":"(anonymous_8)","decl":{"start":{"line":72,"column":2},"end":{"line":72,"column":3}},"loc":{"start":{"line":72,"column":11},"end":{"line":74,"column":3}},"line":72}},"branchMap":{"0":{"loc":{"start":{"line":26,"column":42},"end":{"line":26,"column":54}},"type":"binary-expr","locations":[{"start":{"line":26,"column":42},"end":{"line":26,"column":49}},{"start":{"line":26,"column":53},"end":{"line":26,"column":54}}],"line":26}},"s":{"0":5,"1":15,"2":15,"3":15,"4":14,"5":1,"6":3,"7":7,"8":1,"9":4,"10":5,"11":5,"12":5,"13":4,"14":4,"15":1},"f":{"0":5,"1":15,"2":3,"3":7,"4":1,"5":4,"6":5,"7":4,"8":1},"b":{"0":[15,0]},"_coverageSchema":"1a1c01bbd47fc00a2c39e90264f33305004495a9","hash":"db6f7bb1581a1b7d942763e9725cfe7b7e84d04b"}
}
