TN:
SF:src\axios.ts
FN:13,(anonymous_0)
FN:15,(anonymous_1)
FN:16,(anonymous_2)
FN:18,create
FN:29,setHeaderTokens
FNF:5
FNH:5
FNDA:3,(anonymous_0)
FNDA:3,(anonymous_1)
FNDA:3,(anonymous_2)
FNDA:4,create
FNDA:3,setHeaderTokens
DA:13,2
DA:14,3
DA:15,3
DA:16,3
DA:19,4
DA:33,3
DA:34,3
LF:7
LH:7
BRDA:20,0,0,4
BRDA:20,0,1,0
BRF:2
BRH:1
end_of_record
TN:
SF:src\index.ts
FN:19,(anonymous_0)
FN:23,(anonymous_1)
FN:39,(anonymous_2)
FN:43,(anonymous_3)
FN:47,(anonymous_4)
FN:51,(anonymous_5)
FN:55,(anonymous_6)
FN:59,(anonymous_7)
FN:65,(anonymous_8)
FNF:9
FNH:9
FNDA:4,(anonymous_0)
FNDA:15,(anonymous_1)
FNDA:3,(anonymous_2)
FNDA:7,(anonymous_3)
FNDA:1,(anonymous_4)
FNDA:4,(anonymous_5)
FNDA:4,(anonymous_6)
FNDA:3,(anonymous_7)
FNDA:1,(anonymous_8)
DA:20,4
DA:24,15
DA:25,15
DA:26,15
DA:33,14
DA:35,1
DA:40,3
DA:44,7
DA:48,1
DA:52,4
DA:56,4
DA:60,3
DA:61,3
DA:66,1
LF:14
LH:14
BRDA:25,0,0,15
BRDA:25,0,1,0
BRF:2
BRH:1
end_of_record
