TN:
SF:src\axios.ts
FN:13,(anonymous_0)
FN:15,(anonymous_1)
FN:16,(anonymous_2)
FN:18,create
FN:29,setHeaderTokens
FNF:5
FNH:5
FNDA:7,(anonymous_0)
FNDA:7,(anonymous_1)
FNDA:7,(anonymous_2)
FNDA:5,create
FNDA:7,setHeaderTokens
DA:13,3
DA:14,7
DA:15,7
DA:16,7
DA:19,5
DA:33,7
DA:34,7
LF:7
LH:7
BRDA:20,0,0,5
BRDA:20,0,1,0
BRF:2
BRH:1
end_of_record
TN:
SF:src\index.ts
FN:19,(anonymous_0)
FN:23,(anonymous_1)
FN:40,(anonymous_2)
FN:44,(anonymous_3)
FN:48,(anonymous_4)
FN:52,(anonymous_5)
FN:56,(anonymous_6)
FN:66,(anonymous_7)
FN:72,(anonymous_8)
FNF:9
FNH:9
FNDA:5,(anonymous_0)
FNDA:15,(anonymous_1)
FNDA:3,(anonymous_2)
FNDA:7,(anonymous_3)
FNDA:1,(anonymous_4)
FNDA:4,(anonymous_5)
FNDA:5,(anonymous_6)
FNDA:4,(anonymous_7)
FNDA:1,(anonymous_8)
DA:20,5
DA:25,15
DA:26,15
DA:27,15
DA:34,14
DA:36,1
DA:41,3
DA:45,7
DA:49,1
DA:53,4
DA:57,5
DA:61,5
DA:63,5
DA:67,4
DA:68,4
DA:73,1
LF:16
LH:16
BRDA:26,0,0,15
BRDA:26,0,1,0
BRF:2
BRH:1
end_of_record
